18:11:12.909 [main                     ] DEBUG Logger               - Configured Logger
18:11:13.223 [main                     ] DEBUG GameApplication      - Logging settings
Title: Hello world
Version: 0.1
Width: 500
Height: 385
Fullscreen: false
Intro: false
Profiling: false
Single step:false
App Mode: DEVELOPER
Menu Key: ESCAPE
Stage Style: DECORATED
Scene Factory: class com.almasb.fxgl.app.scene.SceneFactory

18:11:16.060 [JavaFX Application Thread] DEBUG FXGLApplication      - Initializing FXGL
18:11:16.065 [JavaFX Application Thread] INFO  Engine               - FXGL-17 (31.12.2021 18.16) on WINDOWS (J:17.0.5 FX:17.0.0.1)
18:11:16.065 [JavaFX Application Thread] DEBUG Engine               - JRE Vendor Name: Amazon.com Inc.
18:11:16.066 [JavaFX Application Thread] DEBUG Engine               - Running on OS: Windows 11 version 10.0
18:11:16.066 [JavaFX Application Thread] DEBUG Engine               - Architecture: amd64
18:11:16.066 [JavaFX Application Thread] INFO  Engine               - Source code and latest versions at: https://github.com/AlmasB/FXGL
18:11:16.066 [JavaFX Application Thread] INFO  Engine               -       Ask questions and discuss at: https://github.com/AlmasB/FXGL/discussions
18:11:16.066 [JavaFX Application Thread] INFO  Engine               -              Join the FXGL chat at: https://gitter.im/AlmasB/FXGL
18:11:16.182 [JavaFX Application Thread] DEBUG PrimaryStageWindow   - Creating a JavaFX scene
18:11:16.343 [JavaFX Application Thread] DEBUG PrimaryStageWindow   - Target settings size: 500.0 x 385.0
18:11:16.344 [JavaFX Application Thread] DEBUG PrimaryStageWindow   - Scaled scene size:    500.0 x 385.0
18:11:16.344 [JavaFX Application Thread] DEBUG PrimaryStageWindow   - Scaled ratio: (1.0, 1.0)
18:11:16.345 [JavaFX Application Thread] DEBUG PrimaryStageWindow   - Set initial scene to FXGLStartupScene
18:11:16.353 [JavaFX Application Thread] DEBUG PrimaryStageWindow   - Opening main window
18:11:16.523 [JavaFX Application Thread] DEBUG PrimaryStageWindow   - Window border size: (14.4000244140625, 38.20001220703125)
18:11:16.523 [JavaFX Application Thread] DEBUG PrimaryStageWindow   - Scaled size: 500.0 x 385.0
18:11:16.524 [JavaFX Application Thread] DEBUG PrimaryStageWindow   - Scaled ratio: (1.0, 1.0)
18:11:16.524 [JavaFX Application Thread] DEBUG PrimaryStageWindow   - Scene size: 500.0 x 385.0
18:11:16.524 [JavaFX Application Thread] DEBUG PrimaryStageWindow   - Stage size: 514.4000244140625 x 423.20001220703125
18:11:16.535 [FXGL Background Thread 1 ] DEBUG Engine               - Initializing environment variables
18:11:16.572 [FXGL Background Thread 1 ] DEBUG FXGLAssetLoaderServi - User app class for loading assets: class com.conan.hello.HelloWorldApp
18:11:16.572 [FXGL Background Thread 1 ] DEBUG GameApplicationServi - Applying CSS: fxgl_dark.css
18:11:16.573 [FXGL Background Thread 1 ] DEBUG FXGLAssetLoaderServi - Loading from file system: jar:file:/C:/Users/hougu/.m2/repository/com/github/almasb/fxgl/17/fxgl-17.jar!/fxglassets/ui/css/fxgl_dark.css
18:11:16.631 [FXGL Background Thread 1 ] DEBUG GameApplicationServi - Initializing application scenes
18:11:16.730 [FXGL Background Thread 1 ] DEBUG GameWorld            - Game world initialized
18:11:16.783 [FXGL Background Thread 1 ] DEBUG PhysicsWorld         - Physics world initialized: appHeight=385, physics.ppm=50.0
18:11:16.783 [FXGL Background Thread 1 ] DEBUG PhysicsWorld         - Using strategy: BRUTE_FORCE
18:11:16.786 [FXGL Background Thread 1 ] DEBUG GameScene            - Game scene initialized: 500x385
18:11:16.807 [FXGL Background Thread 1 ] WARN  FXGL.DefaultMenu     - FXGLDefaultMenu is not designed for resolutions < 800x600
18:11:16.807 [FXGL Background Thread 1 ] DEBUG FXGL.DefaultMenu     - createMenuBodyGameMenu()
18:11:16.833 [FXGL Background Thread 1 ] DEBUG FXGL.DefaultMenu     - createOptionsMenu()
18:11:16.846 [FXGL Background Thread 1 ] DEBUG FXGLAssetLoaderServi - Loading from file system: jar:file:/C:/Users/hougu/.m2/repository/com/github/almasb/fxgl/17/fxgl-17.jar!/fxglassets/textures/particles/smoke.png
18:11:16.978 [FXGL Background Thread 1 ] DEBUG FXGLAssetLoaderServi - Loading from file system: jar:file:/C:/Users/hougu/.m2/repository/com/github/almasb/fxgl/17/fxgl-17.jar!/fxglassets/textures/particles/trace_horizontal.png
18:11:17.008 [FXGL Background Thread 1 ] DEBUG GameApplicationServi - Application scenes initialized
18:11:17.032 [FXGL Background Thread 1 ] DEBUG SystemBundleService  - Loading default FXGL system data
18:11:17.033 [FXGL Background Thread 1 ] DEBUG UpdaterService       - Checking for updates
18:11:17.038 [FXGL Background Thread 1 ] DEBUG FXGLApplication      - Loading default localization
18:11:17.038 [FXGL Background Thread 1 ] DEBUG FXGLAssetLoaderServi - Loading from file system: jar:file:/C:/Users/hougu/.m2/repository/com/github/almasb/fxgl/17/fxgl-17.jar!/fxglassets/languages/english.lang
18:11:17.057 [FXGL Background Thread 4 ] DEBUG FXGLApplication      - Loading fonts
18:11:17.059 [FXGL Background Thread 4 ] DEBUG FXGLAssetLoaderServi - Loading from file system: jar:file:/C:/Users/hougu/.m2/repository/com/github/almasb/fxgl/17/fxgl-17.jar!/fxglassets/ui/fonts/VarelaRound-Regular.ttf
18:11:17.078 [FXGL Background Thread 1 ] INFO  FXGLApplication      - FXGL initialization took: 0.543 sec
18:11:17.080 [JavaFX Application Thread] DEBUG FXGLAssetLoaderServi - Loading from file system: jar:file:/C:/Users/hougu/.m2/repository/com/github/almasb/fxgl/17/fxgl-17.jar!/fxglassets/textures/fxgl_icon.png
18:11:17.102 [JavaFX Application Thread] DEBUG FXGLAssetLoaderServi - Loading from file system: jar:file:/C:/Users/hougu/.m2/repository/com/github/almasb/fxgl/17/fxgl-17.jar!/fxglassets/textures/fxgl_default_cursor.png
18:11:17.114 [JavaFX Application Thread] DEBUG Input                - Registered new binding: Screenshot - CTRL+8
18:11:17.114 [JavaFX Application Thread] DEBUG Input                - Registered new binding: System info dump - CTRL+9
18:11:17.116 [JavaFX Application Thread] DEBUG Input                - Registered new binding: Restart - CTRL+R
18:11:17.116 [JavaFX Application Thread] DEBUG Input                - Registered new binding: Toggle Debug Camera - CTRL+7
18:11:17.119 [JavaFX Application Thread] DEBUG LoopRunner           - Starting loop
18:11:17.119 [JavaFX Application Thread] DEBUG LoopRunner           - Initializing JavaFX AnimationTimerLoop
18:11:17.120 [JavaFX Application Thread] DEBUG GameApplicationServi - Starting new game
18:11:17.121 [JavaFX Application Thread] DEBUG Input                - Clearing active input actions
18:11:17.131 [JavaFX Application Thread] DEBUG GameApplicationServi - Removing overlay from FXGLStartupScene and adding to FXGLLoadingScene
18:11:17.131 [JavaFX Application Thread] DEBUG PrimaryStageWindow   - FXGLStartupScene -> FXGLLoadingScene
18:11:17.131 [JavaFX Application Thread] DEBUG GameApplicationServi - Clearing previous game
18:11:17.131 [JavaFX Application Thread] DEBUG GameScene            - Clearing game scene
18:11:17.131 [JavaFX Application Thread] DEBUG GameWorld            - Clearing game world
18:11:17.132 [JavaFX Application Thread] DEBUG PhysicsWorld         - Clearing physics world
18:11:17.160 [FXGL Background Thread 1 ] DEBUG FXGLApplication      - Initializing game
18:11:17.163 [FXGL Background Thread 1 ] INFO  FXGLApplication      - Game initialization took: 0.002 sec
18:11:17.170 [JavaFX Application Thread] DEBUG Input                - Clearing active input actions
18:11:17.178 [JavaFX Application Thread] DEBUG GameApplicationServi - Removing overlay from FXGLLoadingScene and adding to GameScene
18:11:17.178 [JavaFX Application Thread] DEBUG PrimaryStageWindow   - FXGLLoadingScene -> GameScene
18:11:17.322 [FXGL Background Thread 4 ] DEBUG FXGLAssetLoaderServi - Loading from file system: jar:file:/C:/Users/hougu/.m2/repository/com/github/almasb/fxgl/17/fxgl-17.jar!/fxglassets/ui/fonts/Abel-Regular.ttf
18:11:17.327 [FXGL Background Thread 4 ] DEBUG FXGLAssetLoaderServi - Loading from file system: jar:file:/C:/Users/hougu/.m2/repository/com/github/almasb/fxgl/17/fxgl-17.jar!/fxglassets/ui/fonts/TerminalLandMono-Regular.otf
18:11:17.330 [FXGL Background Thread 4 ] DEBUG FXGLAssetLoaderServi - Loading from file system: jar:file:/C:/Users/hougu/.m2/repository/com/github/almasb/fxgl/17/fxgl-17.jar!/fxglassets/ui/fonts/Courier-Prime.ttf
18:11:17.336 [JavaFX Application Thread] DEBUG FXGLApplication      - Registering font factories with UI factory
18:11:20.046 [FXGL Background Thread 3 ] DEBUG Engine               - Logging environment variables
18:11:20.046 [FXGL Background Thread 3 ] DEBUG Engine               - achievements: []
18:11:20.046 [FXGL Background Thread 3 ] DEBUG Engine               - actualHeight: 385.0
18:11:20.047 [FXGL Background Thread 3 ] DEBUG Engine               - actualHeightProperty: ReadOnlyDoubleProperty [value: 385.0]
18:11:20.047 [FXGL Background Thread 3 ] DEBUG Engine               - actualWidth: 500.0
18:11:20.047 [FXGL Background Thread 3 ] DEBUG Engine               - actualWidthProperty: ReadOnlyDoubleProperty [value: 500.0]
18:11:20.047 [FXGL Background Thread 3 ] DEBUG Engine               - appIcon: fxgl_icon.png
18:11:20.047 [FXGL Background Thread 3 ] DEBUG Engine               - applicationMode: DEVELOPER
18:11:20.047 [FXGL Background Thread 3 ] DEBUG Engine               - cSSList: [fxgl_dark.css]
18:11:20.047 [FXGL Background Thread 3 ] DEBUG Engine               - collisionDetectionStrategy: BRUTE_FORCE
18:11:20.047 [FXGL Background Thread 3 ] DEBUG Engine               - configClass: Optional.empty
18:11:20.047 [FXGL Background Thread 3 ] DEBUG Engine               - credits: []
18:11:20.048 [FXGL Background Thread 3 ] DEBUG Engine               - defaultCursor: CursorInfo(imageName=fxgl_default_cursor.png, hotspotX=7.0, hotspotY=6.0)
18:11:20.048 [FXGL Background Thread 3 ] DEBUG Engine               - devBBoxColorProperty: ObjectProperty [value: 0xff0000ff]
18:11:20.048 [FXGL Background Thread 3 ] DEBUG Engine               - devEnableDebugCameraProperty: BooleanProperty [value: false]
18:11:20.048 [FXGL Background Thread 3 ] DEBUG Engine               - devSensorColorProperty: ObjectProperty [value: 0xffff00ff]
18:11:20.048 [FXGL Background Thread 3 ] DEBUG Engine               - devShowBBoxProperty: BooleanProperty [value: false]
18:11:20.048 [FXGL Background Thread 3 ] DEBUG Engine               - devShowPositionProperty: BooleanProperty [value: false]
18:11:20.048 [FXGL Background Thread 3 ] DEBUG Engine               - enabledMenuItems: []
18:11:20.049 [FXGL Background Thread 3 ] DEBUG Engine               - engineServices: [class com.almasb.fxgl.app.services.FXGLAssetLoaderService, class com.almasb.fxgl.app.FXGLApplication$GameApplicationService, class com.almasb.fxgl.app.services.FXGLDialogService, class com.almasb.fxgl.app.services.IOTaskExecutorService, class com.almasb.fxgl.io.FileSystemService, class com.almasb.fxgl.localization.LocalizationService, class com.almasb.fxgl.app.services.SystemBundleService, class com.almasb.fxgl.profile.SaveLoadService, class com.almasb.fxgl.ui.FXGLUIFactoryServiceProvider, class com.almasb.fxgl.ui.FXGLDialogFactoryServiceProvider, class com.almasb.fxgl.audio.AudioPlayer, class com.almasb.fxgl.notification.impl.NotificationServiceProvider, class com.almasb.fxgl.achievement.AchievementService, class com.almasb.fxgl.cutscene.CutsceneService, class com.almasb.fxgl.minigames.MiniGameService, class com.almasb.fxgl.net.NetService, class com.almasb.fxgl.app.services.UpdaterService, class com.almasb.fxgl.dev.DevService]
18:11:20.049 [FXGL Background Thread 3 ] DEBUG Engine               - fontGame: Abel-Regular.ttf
18:11:20.049 [FXGL Background Thread 3 ] DEBUG Engine               - fontMono: TerminalLandMono-Regular.otf
18:11:20.049 [FXGL Background Thread 3 ] DEBUG Engine               - fontText: Courier-Prime.ttf
18:11:20.049 [FXGL Background Thread 3 ] DEBUG Engine               - fontUI: VarelaRound-Regular.ttf
18:11:20.049 [FXGL Background Thread 3 ] DEBUG Engine               - fullScreen: BooleanProperty [value: false]
18:11:20.049 [FXGL Background Thread 3 ] DEBUG Engine               - gameDifficulty: MEDIUM
18:11:20.049 [FXGL Background Thread 3 ] DEBUG Engine               - gameDifficultyProperty: ObjectProperty [value: MEDIUM]
18:11:20.049 [FXGL Background Thread 3 ] DEBUG Engine               - globalMusicVolume: 0.5
18:11:20.049 [FXGL Background Thread 3 ] DEBUG Engine               - globalMusicVolumeProperty: DoubleProperty [value: 0.5]
18:11:20.049 [FXGL Background Thread 3 ] DEBUG Engine               - globalSoundVolume: 0.5
18:11:20.049 [FXGL Background Thread 3 ] DEBUG Engine               - globalSoundVolumeProperty: DoubleProperty [value: 0.5]
18:11:20.049 [FXGL Background Thread 3 ] DEBUG Engine               - height: 385
18:11:20.050 [FXGL Background Thread 3 ] DEBUG Engine               - is3D: false
18:11:20.050 [FXGL Background Thread 3 ] DEBUG Engine               - isAndroid: false
18:11:20.050 [FXGL Background Thread 3 ] DEBUG Engine               - isBrowser: false
18:11:20.050 [FXGL Background Thread 3 ] DEBUG Engine               - isClickFeedbackEnabled: false
18:11:20.050 [FXGL Background Thread 3 ] DEBUG Engine               - isCloseConfirmation: false
18:11:20.050 [FXGL Background Thread 3 ] DEBUG Engine               - isDesktop: true
18:11:20.050 [FXGL Background Thread 3 ] DEBUG Engine               - isDeveloperMenuEnabled: false
18:11:20.050 [FXGL Background Thread 3 ] DEBUG Engine               - isEmbedded: false
18:11:20.050 [FXGL Background Thread 3 ] DEBUG Engine               - isEntityPreloadEnabled: true
18:11:20.050 [FXGL Background Thread 3 ] DEBUG Engine               - isExperimentalTiledLargeMap: false
18:11:20.051 [FXGL Background Thread 3 ] DEBUG Engine               - isFileSystemWriteAllowed: true
18:11:20.051 [FXGL Background Thread 3 ] DEBUG Engine               - isFullScreenAllowed: false
18:11:20.051 [FXGL Background Thread 3 ] DEBUG Engine               - isFullScreenFromStart: false
18:11:20.051 [FXGL Background Thread 3 ] DEBUG Engine               - isGameMenuEnabled: true
18:11:20.051 [FXGL Background Thread 3 ] DEBUG Engine               - isIOS: false
18:11:20.051 [FXGL Background Thread 3 ] DEBUG Engine               - isIntroEnabled: false
18:11:20.051 [FXGL Background Thread 3 ] DEBUG Engine               - isLinux: false
18:11:20.051 [FXGL Background Thread 3 ] DEBUG Engine               - isMac: false
18:11:20.051 [FXGL Background Thread 3 ] DEBUG Engine               - isMainMenuEnabled: false
18:11:20.051 [FXGL Background Thread 3 ] DEBUG Engine               - isManualResizeEnabled: false
18:11:20.051 [FXGL Background Thread 3 ] DEBUG Engine               - isMobile: false
18:11:20.051 [FXGL Background Thread 3 ] DEBUG Engine               - isNative: false
18:11:20.051 [FXGL Background Thread 3 ] DEBUG Engine               - isPauseMusicWhenMinimized: true
18:11:20.051 [FXGL Background Thread 3 ] DEBUG Engine               - isPreserveResizeRatio: false
18:11:20.051 [FXGL Background Thread 3 ] DEBUG Engine               - isProfilingEnabled: false
18:11:20.051 [FXGL Background Thread 3 ] DEBUG Engine               - isScaleAffectedOnResize: true
18:11:20.051 [FXGL Background Thread 3 ] DEBUG Engine               - isSingleStep: false
18:11:20.051 [FXGL Background Thread 3 ] DEBUG Engine               - isUserProfileEnabled: false
18:11:20.051 [FXGL Background Thread 3 ] DEBUG Engine               - isWindows: true
18:11:20.051 [FXGL Background Thread 3 ] DEBUG Engine               - language: ObjectProperty [value: ENGLISH]
18:11:20.051 [FXGL Background Thread 3 ] DEBUG Engine               - menuKey: ESCAPE
18:11:20.051 [FXGL Background Thread 3 ] DEBUG Engine               - mouseSensitivity: 0.2
18:11:20.052 [FXGL Background Thread 3 ] DEBUG Engine               - notificationViewClass: class com.almasb.fxgl.notification.view.XboxNotificationView
18:11:20.052 [FXGL Background Thread 3 ] DEBUG Engine               - pixelsPerMeter: 50.0
18:11:20.052 [FXGL Background Thread 3 ] DEBUG Engine               - platform: WINDOWS
18:11:20.052 [FXGL Background Thread 3 ] DEBUG Engine               - prefHeightProperty: ReadOnlyDoubleProperty [value: 385.0]
18:11:20.052 [FXGL Background Thread 3 ] DEBUG Engine               - prefWidthProperty: ReadOnlyDoubleProperty [value: 500.0]
18:11:20.052 [FXGL Background Thread 3 ] DEBUG Engine               - profileDir: profiles/
18:11:20.052 [FXGL Background Thread 3 ] DEBUG Engine               - profileName: StringProperty [value: DEFAULT]
18:11:20.052 [FXGL Background Thread 3 ] DEBUG Engine               - randomSeed: -1
18:11:20.052 [FXGL Background Thread 3 ] DEBUG Engine               - runtimeInfo: RuntimeInfo(platform=WINDOWS, version=17, build=31.12.2021 18.16)
18:11:20.052 [FXGL Background Thread 3 ] DEBUG Engine               - saveFileExt: sav
18:11:20.052 [FXGL Background Thread 3 ] DEBUG Engine               - scaledHeightProp$fxgl: DoubleProperty [bound, value: 385.0]
18:11:20.052 [FXGL Background Thread 3 ] DEBUG Engine               - scaledWidthProp$fxgl: DoubleProperty [bound, value: 500.0]
18:11:20.052 [FXGL Background Thread 3 ] DEBUG Engine               - sceneFactory: com.almasb.fxgl.app.scene.SceneFactory@79d011db
18:11:20.052 [FXGL Background Thread 3 ] DEBUG Engine               - secondsIn24h: 60
18:11:20.052 [FXGL Background Thread 3 ] DEBUG Engine               - soundMenuBack: menu/back.wav
18:11:20.052 [FXGL Background Thread 3 ] DEBUG Engine               - soundMenuPress: menu/press.wav
18:11:20.052 [FXGL Background Thread 3 ] DEBUG Engine               - soundMenuSelect: menu/select.wav
18:11:20.052 [FXGL Background Thread 3 ] DEBUG Engine               - soundNotification: core/notification.wav
18:11:20.052 [FXGL Background Thread 3 ] DEBUG Engine               - stageStyle: DECORATED
18:11:20.052 [FXGL Background Thread 3 ] DEBUG Engine               - supportedLanguages: [ENGLISH, FRENCH, GERMAN, HUNGARIAN, RUSSIAN]
18:11:20.053 [FXGL Background Thread 3 ] DEBUG Engine               - ticksPerSecond: -1
18:11:20.053 [FXGL Background Thread 3 ] DEBUG Engine               - title: Hello world
18:11:20.053 [FXGL Background Thread 3 ] DEBUG Engine               - urlGithub: https://github.com/AlmasB/FXGL
18:11:20.053 [FXGL Background Thread 3 ] DEBUG Engine               - urlLeaderboard: http://fxgl-top.herokuapp.com/
18:11:20.053 [FXGL Background Thread 3 ] DEBUG Engine               - urlPOM: https://raw.githubusercontent.com/AlmasB/FXGL/release/README.md
18:11:20.053 [FXGL Background Thread 3 ] DEBUG Engine               - userAppClass: class com.conan.hello.HelloWorldApp
18:11:20.053 [FXGL Background Thread 3 ] DEBUG Engine               - version: 0.1
18:11:20.053 [FXGL Background Thread 3 ] DEBUG Engine               - versionCheckDays: 7
18:11:20.053 [FXGL Background Thread 3 ] DEBUG Engine               - width: 500
18:11:20.053 [FXGL Background Thread 3 ] DEBUG Engine               - Logging services
18:11:20.053 [FXGL Background Thread 3 ] DEBUG Engine               - class com.almasb.fxgl.app.services.FXGLAssetLoaderService
18:11:20.053 [FXGL Background Thread 3 ] DEBUG Engine               - class com.almasb.fxgl.app.FXGLApplication$GameApplicationService
18:11:20.053 [FXGL Background Thread 3 ] DEBUG Engine               - class com.almasb.fxgl.app.services.FXGLDialogService
18:11:20.053 [FXGL Background Thread 3 ] DEBUG Engine               - class com.almasb.fxgl.app.services.IOTaskExecutorService
18:11:20.053 [FXGL Background Thread 3 ] DEBUG Engine               - class com.almasb.fxgl.io.FileSystemService
18:11:20.053 [FXGL Background Thread 3 ] DEBUG Engine               - class com.almasb.fxgl.localization.LocalizationService
18:11:20.053 [FXGL Background Thread 3 ] DEBUG Engine               - class com.almasb.fxgl.app.services.SystemBundleService
18:11:20.053 [FXGL Background Thread 3 ] DEBUG Engine               - class com.almasb.fxgl.profile.SaveLoadService
18:11:20.053 [FXGL Background Thread 3 ] DEBUG Engine               - class com.almasb.fxgl.ui.FXGLUIFactoryServiceProvider
18:11:20.053 [FXGL Background Thread 3 ] DEBUG Engine               - class com.almasb.fxgl.ui.FXGLDialogFactoryServiceProvider
18:11:20.053 [FXGL Background Thread 3 ] DEBUG Engine               - class com.almasb.fxgl.audio.AudioPlayer
18:11:20.053 [FXGL Background Thread 3 ] DEBUG Engine               - class com.almasb.fxgl.notification.impl.NotificationServiceProvider
18:11:20.053 [FXGL Background Thread 3 ] DEBUG Engine               - class com.almasb.fxgl.achievement.AchievementService
18:11:20.053 [FXGL Background Thread 3 ] DEBUG Engine               - class com.almasb.fxgl.cutscene.CutsceneService
18:11:20.053 [FXGL Background Thread 3 ] DEBUG Engine               - class com.almasb.fxgl.minigames.MiniGameService
18:11:20.053 [FXGL Background Thread 3 ] DEBUG Engine               - class com.almasb.fxgl.net.NetService
18:11:20.053 [FXGL Background Thread 3 ] DEBUG Engine               - class com.almasb.fxgl.app.services.UpdaterService
18:11:20.053 [FXGL Background Thread 3 ] DEBUG Engine               - class com.almasb.fxgl.dev.DevService
18:11:36.954 [JavaFX Application Thread] DEBUG FXGLApplication      - Exiting FXGL
18:11:36.954 [JavaFX Application Thread] DEBUG LoopRunner           - Stopping loop
18:11:36.954 [JavaFX Application Thread] DEBUG SystemBundleService  - Saving FXGL system data
18:11:36.965 [JavaFX Application Thread] DEBUG FileSystemAccess     - Writing to: C:\Users\hougu\IdeaProjects\fxgl\system\fxgl.bundle
18:11:36.981 [JavaFX Application Thread] DEBUG Async                - Shutting down background threads
18:11:36.981 [JavaFX Application Thread] DEBUG PrimaryStageWindow   - Closing main window
18:11:37.000 [JavaFX Application Thread] DEBUG Logger               - Closing Logger
